Arguments: 
  C:\Program Files\nodejs\node.exe C:\Program Files (x86)\Yarn\bin\yarn.js add mongoose-unique-validator

PATH: 
  C:\Python310\Scripts\;C:\Python310\;C:\Program Files\Common Files\Oracle\Java\javapath;C:\WINDOWS\system32;C:\WINDOWS;C:\WINDOWS\System32\Wbem;C:\WINDOWS\System32\WindowsPowerShell\v1.0\;C:\WINDOWS\System32\OpenSSH\;C:\Program Files\Git\cmd;C:\ProgramData\chocolatey\bin;C:\Program Files\dotnet\;C:\Users\Unaekor\scoop\apps;C:\Program Files\Microsoft SQL Server\150\Tools\Binn\;C:\WINDOWS\system32;C:\WINDOWS;C:\WINDOWS\System32\Wbem;C:\WINDOWS\System32\WindowsPowerShell\v1.0\;C:\WINDOWS\System32\OpenSSH\;C:\Program Files (x86)\Yarn\bin\;C:\Program Files\nodejs\;C:\PHP\php-8.2.0;C:\ProgramData\ComposerSetup\bin;C:\Users\Unaekor\scoop\shims;C:\Program Files\MySQL\MySQL Shell 8.0\bin\;C:\Users\Unaekor\AppData\Local\Microsoft\WindowsApps;C:\Users\Unaekor\AppData\Local\Programs\Microsoft VS Code\bin;C:\Users\Unaekor\AppData\Local\GitHubDesktop\bin;C:\tools\dart-sdk\bin;C:\Users\Unaekor\AppData\Roaming\Pub\Cache\bin;C:\Program Files\Azure Data Studio\bin;C:\Program Files\JetBrains\PhpStorm 2021.3.2\bin;C:\Gradle\gradle-7.3\bin;C:\Users\Unaekor\.dotnet\tools;C:\Users\Unaekor\AppData\Local\JetBrains\Toolbox\scripts;C:\Users\Unaekor\AppData\Local\Microsoft\WindowsApps;C:\Users\Unaekor\.dotnet\tools;C:\Users\Unaekor\AppData\Local\Yarn\bin;C:\Users\Unaekor\AppData\Roaming\npm;C:\Users\Unaekor\AppData\Roaming\Composer\vendor\bin

Yarn version: 
  1.22.19

Node version: 
  18.12.1

Platform: 
  win32 x64

Trace: 
  Error: connect ETIMEDOUT 2606:4700::6810:1023:443
      at TCPConnectWrap.afterConnect [as oncomplete] (node:net:1300:16)

npm manifest: 
  No manifest

yarn manifest: 
  No manifest

Lockfile: 
  # THIS IS AN AUTOGENERATED FILE. DO NOT EDIT THIS FILE DIRECTLY.
  # yarn lockfile v1
